{
"/Users/mikehewitson1/src/fswd-server/app.js":{"path":"/Users/mikehewitson1/src/fswd-server/app.js","s":{"1":1,"2":1,"3":1,"4":1,"5":1,"6":1,"7":1,"8":1,"9":1,"10":1,"11":1,"12":1,"13":1,"14":1,"15":1,"16":1,"17":1,"18":1,"19":1,"20":1,"21":1,"22":1,"23":1,"24":1,"25":2,"26":2,"27":2,"28":1,"29":1,"30":2,"31":2,"32":1,"33":0,"34":0,"35":1},"b":{"1":[1,0],"2":[1,0],"3":[2,0],"4":[0,0]},"f":{"1":1,"2":2,"3":2,"4":0},"fnMap":{"1":{"name":"(anonymous_1)","line":35,"loc":{"start":{"line":35,"column":16},"end":{"line":35,"column":27}}},"2":{"name":"(anonymous_2)","line":80,"loc":{"start":{"line":80,"column":8},"end":{"line":80,"column":33}}},"3":{"name":"(anonymous_3)","line":93,"loc":{"start":{"line":93,"column":12},"end":{"line":93,"column":42}},"skip":true},"4":{"name":"(anonymous_4)","line":105,"loc":{"start":{"line":105,"column":8},"end":{"line":105,"column":38}},"skip":true}},"statementMap":{"1":{"start":{"line":1,"column":0},"end":{"line":1,"column":27}},"2":{"start":{"line":2,"column":0},"end":{"line":23,"column":7}},"3":{"start":{"line":26,"column":0},"end":{"line":26,"column":66},"skip":true},"4":{"start":{"line":28,"column":0},"end":{"line":28,"column":42}},"5":{"start":{"line":29,"column":0},"end":{"line":29,"column":55}},"6":{"start":{"line":32,"column":0},"end":{"line":32,"column":29}},"7":{"start":{"line":34,"column":0},"end":{"line":34,"column":65}},"8":{"start":{"line":35,"column":0},"end":{"line":37,"column":3}},"9":{"start":{"line":36,"column":4},"end":{"line":36,"column":51}},"10":{"start":{"line":39,"column":0},"end":{"line":39,"column":20}},"11":{"start":{"line":42,"column":0},"end":{"line":42,"column":48}},"12":{"start":{"line":43,"column":0},"end":{"line":43,"column":31}},"13":{"start":{"line":45,"column":0},"end":{"line":45,"column":64}},"14":{"start":{"line":48,"column":0},"end":{"line":56,"column":4}},"15":{"start":{"line":58,"column":0},"end":{"line":58,"column":27}},"16":{"start":{"line":59,"column":0},"end":{"line":59,"column":52}},"17":{"start":{"line":60,"column":0},"end":{"line":60,"column":24}},"18":{"start":{"line":61,"column":0},"end":{"line":61,"column":56}},"19":{"start":{"line":63,"column":0},"end":{"line":63,"column":21}},"20":{"start":{"line":64,"column":0},"end":{"line":64,"column":39}},"21":{"start":{"line":65,"column":0},"end":{"line":65,"column":35}},"22":{"start":{"line":66,"column":0},"end":{"line":66,"column":32}},"23":{"start":{"line":69,"column":0},"end":{"line":77,"column":4}},"24":{"start":{"line":80,"column":0},"end":{"line":84,"column":3}},"25":{"start":{"line":81,"column":4},"end":{"line":81,"column":37}},"26":{"start":{"line":82,"column":4},"end":{"line":82,"column":21}},"27":{"start":{"line":83,"column":4},"end":{"line":83,"column":14}},"28":{"start":{"line":92,"column":0},"end":{"line":100,"column":1},"skip":true},"29":{"start":{"line":93,"column":4},"end":{"line":99,"column":7},"skip":true},"30":{"start":{"line":94,"column":8},"end":{"line":94,"column":38},"skip":true},"31":{"start":{"line":95,"column":8},"end":{"line":98,"column":11},"skip":true},"32":{"start":{"line":105,"column":0},"end":{"line":111,"column":3},"skip":true},"33":{"start":{"line":106,"column":4},"end":{"line":106,"column":34},"skip":true},"34":{"start":{"line":107,"column":4},"end":{"line":110,"column":7},"skip":true},"35":{"start":{"line":113,"column":0},"end":{"line":113,"column":21}}},"branchMap":{"1":{"line":26,"type":"binary-expr","locations":[{"start":{"line":26,"column":36},"end":{"line":26,"column":55},"skip":true},{"start":{"line":26,"column":59},"end":{"line":26,"column":65},"skip":true}]},"2":{"line":92,"type":"if","locations":[{"start":{"line":92,"column":0},"end":{"line":92,"column":0},"skip":true},{"start":{"line":92,"column":0},"end":{"line":92,"column":0},"skip":true}]},"3":{"line":94,"type":"binary-expr","locations":[{"start":{"line":94,"column":19},"end":{"line":94,"column":29},"skip":true},{"start":{"line":94,"column":33},"end":{"line":94,"column":36},"skip":true}]},"4":{"line":106,"type":"binary-expr","locations":[{"start":{"line":106,"column":15},"end":{"line":106,"column":25},"skip":true},{"start":{"line":106,"column":29},"end":{"line":106,"column":32},"skip":true}]}},"l":{"1":1,"2":1,"26":1,"28":1,"29":1,"32":1,"34":1,"35":1,"36":1,"39":1,"42":1,"43":1,"45":1,"48":1,"58":1,"59":1,"60":1,"61":1,"63":1,"64":1,"65":1,"66":1,"69":1,"80":1,"81":2,"82":2,"83":2,"92":1,"93":1,"94":2,"95":2,"105":1,"106":1,"107":1,"113":1}},
"/Users/mikehewitson1/src/fswd-server/routes/index.js":{"path":"/Users/mikehewitson1/src/fswd-server/routes/index.js","s":{"1":1,"2":1,"3":1,"4":0,"5":1},"b":{},"f":{"1":0},"fnMap":{"1":{"name":"(anonymous_1)","line":6,"loc":{"start":{"line":6,"column":16},"end":{"line":6,"column":41}},"skip":true}},"statementMap":{"1":{"start":{"line":1,"column":0},"end":{"line":1,"column":33}},"2":{"start":{"line":2,"column":0},"end":{"line":2,"column":30}},"3":{"start":{"line":6,"column":0},"end":{"line":8,"column":3},"skip":true},"4":{"start":{"line":7,"column":4},"end":{"line":7,"column":46},"skip":true},"5":{"start":{"line":10,"column":0},"end":{"line":10,"column":24}}},"branchMap":{},"l":{"1":1,"2":1,"6":1,"7":1,"10":1}},
"/Users/mikehewitson1/src/fswd-server/routes/users.js":{"path":"/Users/mikehewitson1/src/fswd-server/routes/users.js","s":{"1":1,"2":1,"3":1,"4":0,"5":1},"b":{},"f":{"1":0},"fnMap":{"1":{"name":"(anonymous_1)","line":9,"loc":{"start":{"line":9,"column":16},"end":{"line":9,"column":41}},"skip":true}},"statementMap":{"1":{"start":{"line":1,"column":0},"end":{"line":1,"column":33}},"2":{"start":{"line":2,"column":0},"end":{"line":2,"column":30}},"3":{"start":{"line":9,"column":0},"end":{"line":11,"column":3},"skip":true},"4":{"start":{"line":10,"column":2},"end":{"line":10,"column":38},"skip":true},"5":{"start":{"line":13,"column":0},"end":{"line":13,"column":24}}},"branchMap":{},"l":{"1":1,"2":1,"9":1,"10":1,"13":1}},
"/Users/mikehewitson1/src/fswd-server/routes/recordingRouter.js":{"path":"/Users/mikehewitson1/src/fswd-server/routes/recordingRouter.js","s":{"1":1,"2":1,"3":1,"4":1,"5":1,"6":1,"7":3,"8":3,"9":3,"10":1,"11":1,"12":0,"13":1,"14":1,"15":1,"16":0,"17":0,"18":0,"19":0,"20":1,"21":1,"22":1,"23":1,"24":1,"25":1,"26":0,"27":1,"28":1,"29":1,"30":1,"31":1,"32":1,"33":1,"34":1,"35":0,"36":1,"37":1,"38":0,"39":0,"40":0,"41":0,"42":0,"43":0,"44":0,"45":0,"46":0,"47":0,"48":1,"49":0,"50":0,"51":0,"52":0,"53":0,"54":0,"55":0,"56":0,"57":0,"58":0,"59":1},"b":{"1":[1,0],"2":[0,1],"3":[0,1],"4":[0,1],"5":[0,1],"6":[0,0],"7":[0,0]},"f":{"1":3,"2":1,"3":1,"4":1,"5":1,"6":1,"7":1,"8":1,"9":1,"10":1,"11":0,"12":0,"13":0,"14":0,"15":0,"16":0},"fnMap":{"1":{"name":"(anonymous_1)","line":24,"loc":{"start":{"line":24,"column":9},"end":{"line":24,"column":34}}},"2":{"name":"(anonymous_2)","line":29,"loc":{"start":{"line":29,"column":9},"end":{"line":29,"column":34}}},"3":{"name":"(anonymous_3)","line":31,"loc":{"start":{"line":31,"column":28},"end":{"line":31,"column":53}}},"4":{"name":"(anonymous_4)","line":37,"loc":{"start":{"line":37,"column":10},"end":{"line":37,"column":35}}},"5":{"name":"(anonymous_5)","line":38,"loc":{"start":{"line":38,"column":36},"end":{"line":38,"column":61}}},"6":{"name":"(anonymous_6)","line":59,"loc":{"start":{"line":59,"column":12},"end":{"line":59,"column":37}}},"7":{"name":"(anonymous_7)","line":60,"loc":{"start":{"line":60,"column":30},"end":{"line":60,"column":50}}},"8":{"name":"(anonymous_8)","line":68,"loc":{"start":{"line":68,"column":9},"end":{"line":68,"column":34}}},"9":{"name":"(anonymous_9)","line":73,"loc":{"start":{"line":73,"column":9},"end":{"line":73,"column":34}}},"10":{"name":"(anonymous_10)","line":76,"loc":{"start":{"line":76,"column":19},"end":{"line":76,"column":44}}},"11":{"name":"(anonymous_11)","line":85,"loc":{"start":{"line":85,"column":9},"end":{"line":85,"column":34}}},"12":{"name":"(anonymous_12)","line":90,"loc":{"start":{"line":90,"column":9},"end":{"line":90,"column":34}}},"13":{"name":"(anonymous_13)","line":101,"loc":{"start":{"line":101,"column":19},"end":{"line":101,"column":45}}},"14":{"name":"(anonymous_14)","line":110,"loc":{"start":{"line":110,"column":9},"end":{"line":110,"column":34}}},"15":{"name":"(anonymous_15)","line":115,"loc":{"start":{"line":115,"column":9},"end":{"line":115,"column":34}}},"16":{"name":"(anonymous_16)","line":130,"loc":{"start":{"line":130,"column":19},"end":{"line":130,"column":45}}}},"statementMap":{"1":{"start":{"line":1,"column":0},"end":{"line":1,"column":27}},"2":{"start":{"line":2,"column":0},"end":{"line":14,"column":7}},"3":{"start":{"line":16,"column":0},"end":{"line":16,"column":66}},"4":{"start":{"line":18,"column":0},"end":{"line":19,"column":39}},"5":{"start":{"line":21,"column":0},"end":{"line":21,"column":39}},"6":{"start":{"line":23,"column":0},"end":{"line":65,"column":7}},"7":{"start":{"line":25,"column":8},"end":{"line":25,"column":55}},"8":{"start":{"line":26,"column":8},"end":{"line":26,"column":71}},"9":{"start":{"line":27,"column":8},"end":{"line":27,"column":15}},"10":{"start":{"line":31,"column":8},"end":{"line":35,"column":11}},"11":{"start":{"line":33,"column":12},"end":{"line":33,"column":31}},"12":{"start":{"line":33,"column":21},"end":{"line":33,"column":31},"skip":true},"13":{"start":{"line":34,"column":12},"end":{"line":34,"column":32}},"14":{"start":{"line":38,"column":8},"end":{"line":57,"column":11}},"15":{"start":{"line":40,"column":12},"end":{"line":56,"column":13}},"16":{"start":{"line":41,"column":16},"end":{"line":41,"column":36},"skip":true},"17":{"start":{"line":42,"column":16},"end":{"line":42,"column":41},"skip":true},"18":{"start":{"line":43,"column":16},"end":{"line":45,"column":19},"skip":true},"19":{"start":{"line":46,"column":16},"end":{"line":46,"column":57},"skip":true},"20":{"start":{"line":49,"column":16},"end":{"line":49,"column":50}},"21":{"start":{"line":50,"column":16},"end":{"line":50,"column":45}},"22":{"start":{"line":52,"column":16},"end":{"line":54,"column":19}},"23":{"start":{"line":55,"column":16},"end":{"line":55,"column":62}},"24":{"start":{"line":60,"column":8},"end":{"line":64,"column":11}},"25":{"start":{"line":62,"column":12},"end":{"line":62,"column":31}},"26":{"start":{"line":62,"column":21},"end":{"line":62,"column":31},"skip":true},"27":{"start":{"line":63,"column":12},"end":{"line":63,"column":27}},"28":{"start":{"line":67,"column":0},"end":{"line":82,"column":7}},"29":{"start":{"line":69,"column":8},"end":{"line":69,"column":55}},"30":{"start":{"line":70,"column":8},"end":{"line":70,"column":71}},"31":{"start":{"line":71,"column":8},"end":{"line":71,"column":15}},"32":{"start":{"line":75,"column":8},"end":{"line":75,"column":106}},"33":{"start":{"line":76,"column":8},"end":{"line":81,"column":11}},"34":{"start":{"line":79,"column":12},"end":{"line":79,"column":31}},"35":{"start":{"line":79,"column":21},"end":{"line":79,"column":31},"skip":true},"36":{"start":{"line":80,"column":12},"end":{"line":80,"column":32}},"37":{"start":{"line":84,"column":0},"end":{"line":107,"column":7}},"38":{"start":{"line":86,"column":8},"end":{"line":86,"column":55}},"39":{"start":{"line":87,"column":8},"end":{"line":87,"column":71}},"40":{"start":{"line":88,"column":8},"end":{"line":88,"column":15}},"41":{"start":{"line":92,"column":8},"end":{"line":92,"column":34}},"42":{"start":{"line":93,"column":8},"end":{"line":93,"column":75}},"43":{"start":{"line":96,"column":8},"end":{"line":99,"column":11}},"44":{"start":{"line":101,"column":8},"end":{"line":106,"column":11}},"45":{"start":{"line":104,"column":12},"end":{"line":104,"column":31}},"46":{"start":{"line":104,"column":21},"end":{"line":104,"column":31},"skip":true},"47":{"start":{"line":105,"column":12},"end":{"line":105,"column":33}},"48":{"start":{"line":109,"column":0},"end":{"line":136,"column":7}},"49":{"start":{"line":111,"column":8},"end":{"line":111,"column":55}},"50":{"start":{"line":112,"column":8},"end":{"line":112,"column":71}},"51":{"start":{"line":113,"column":8},"end":{"line":113,"column":15}},"52":{"start":{"line":118,"column":8},"end":{"line":118,"column":54}},"53":{"start":{"line":119,"column":8},"end":{"line":119,"column":74}},"54":{"start":{"line":125,"column":8},"end":{"line":128,"column":11}},"55":{"start":{"line":130,"column":8},"end":{"line":135,"column":11}},"56":{"start":{"line":133,"column":12},"end":{"line":133,"column":31}},"57":{"start":{"line":133,"column":21},"end":{"line":133,"column":31},"skip":true},"58":{"start":{"line":134,"column":12},"end":{"line":134,"column":33}},"59":{"start":{"line":138,"column":0},"end":{"line":138,"column":33}}},"branchMap":{"1":{"line":16,"type":"binary-expr","locations":[{"start":{"line":16,"column":36},"end":{"line":16,"column":55}},{"start":{"line":16,"column":59},"end":{"line":16,"column":65}}]},"2":{"line":33,"type":"if","locations":[{"start":{"line":33,"column":12},"end":{"line":33,"column":12},"skip":true},{"start":{"line":33,"column":12},"end":{"line":33,"column":12}}]},"3":{"line":40,"type":"if","locations":[{"start":{"line":40,"column":12},"end":{"line":40,"column":12},"skip":true},{"start":{"line":40,"column":12},"end":{"line":40,"column":12}}]},"4":{"line":62,"type":"if","locations":[{"start":{"line":62,"column":12},"end":{"line":62,"column":12},"skip":true},{"start":{"line":62,"column":12},"end":{"line":62,"column":12}}]},"5":{"line":79,"type":"if","locations":[{"start":{"line":79,"column":12},"end":{"line":79,"column":12},"skip":true},{"start":{"line":79,"column":12},"end":{"line":79,"column":12}}]},"6":{"line":104,"type":"if","locations":[{"start":{"line":104,"column":12},"end":{"line":104,"column":12},"skip":true},{"start":{"line":104,"column":12},"end":{"line":104,"column":12}}]},"7":{"line":133,"type":"if","locations":[{"start":{"line":133,"column":12},"end":{"line":133,"column":12},"skip":true},{"start":{"line":133,"column":12},"end":{"line":133,"column":12}}]}},"l":{"1":1,"2":1,"16":1,"18":1,"21":1,"23":1,"25":3,"26":3,"27":3,"31":1,"33":1,"34":1,"38":1,"40":1,"41":1,"42":1,"43":1,"46":1,"49":1,"50":1,"52":1,"55":1,"60":1,"62":1,"63":1,"67":1,"69":1,"70":1,"71":1,"75":1,"76":1,"79":1,"80":1,"84":1,"86":0,"87":0,"88":0,"92":0,"93":0,"96":0,"101":0,"104":1,"105":0,"109":1,"111":0,"112":0,"113":0,"118":0,"119":0,"125":0,"130":0,"133":1,"134":0,"138":1}},
"/Users/mikehewitson1/src/fswd-server/models/recordings.js":{"path":"/Users/mikehewitson1/src/fswd-server/models/recordings.js","s":{"1":1,"2":1,"3":1,"4":1,"5":1},"b":{},"f":{},"fnMap":{},"statementMap":{"1":{"start":{"line":2,"column":0},"end":{"line":2,"column":35}},"2":{"start":{"line":3,"column":0},"end":{"line":3,"column":29}},"3":{"start":{"line":6,"column":0},"end":{"line":40,"column":3}},"4":{"start":{"line":44,"column":0},"end":{"line":44,"column":63}},"5":{"start":{"line":47,"column":0},"end":{"line":47,"column":28}}},"branchMap":{},"l":{"2":1,"3":1,"6":1,"44":1,"47":1}},
"/Users/mikehewitson1/src/fswd-server/routes/settingRouter.js":{"path":"/Users/mikehewitson1/src/fswd-server/routes/settingRouter.js","s":{"1":1,"2":1,"3":1,"4":1,"5":1,"6":1,"7":1,"8":3,"9":3,"10":3,"11":1,"12":1,"13":0,"14":1,"15":1,"16":1,"17":0,"18":0,"19":0,"20":0,"21":1,"22":1,"23":1,"24":1,"25":1,"26":1,"27":0,"28":1,"29":1,"30":3,"31":3,"32":3,"33":1,"34":1,"35":0,"36":1,"37":1,"38":1,"39":1,"40":0,"41":1,"42":1,"43":1,"44":0,"45":1,"46":1},"b":{"1":[1,0],"2":[0,1],"3":[0,1],"4":[0,1],"5":[0,1],"6":[0,1],"7":[0,1]},"f":{"1":3,"2":1,"3":1,"4":1,"5":1,"6":1,"7":1,"8":3,"9":1,"10":1,"11":1,"12":1,"13":1,"14":1},"fnMap":{"1":{"name":"(anonymous_1)","line":25,"loc":{"start":{"line":25,"column":9},"end":{"line":25,"column":34}}},"2":{"name":"(anonymous_2)","line":30,"loc":{"start":{"line":30,"column":9},"end":{"line":30,"column":34}}},"3":{"name":"(anonymous_3)","line":32,"loc":{"start":{"line":32,"column":26},"end":{"line":32,"column":49}}},"4":{"name":"(anonymous_4)","line":38,"loc":{"start":{"line":38,"column":10},"end":{"line":38,"column":35}}},"5":{"name":"(anonymous_5)","line":40,"loc":{"start":{"line":40,"column":34},"end":{"line":40,"column":57}}},"6":{"name":"(anonymous_6)","line":62,"loc":{"start":{"line":62,"column":12},"end":{"line":62,"column":37}}},"7":{"name":"(anonymous_7)","line":63,"loc":{"start":{"line":63,"column":28},"end":{"line":63,"column":48}}},"8":{"name":"(anonymous_8)","line":71,"loc":{"start":{"line":71,"column":9},"end":{"line":71,"column":34}}},"9":{"name":"(anonymous_9)","line":76,"loc":{"start":{"line":76,"column":9},"end":{"line":76,"column":34}}},"10":{"name":"(anonymous_10)","line":77,"loc":{"start":{"line":77,"column":42},"end":{"line":77,"column":65}}},"11":{"name":"(anonymous_11)","line":83,"loc":{"start":{"line":83,"column":9},"end":{"line":83,"column":34}}},"12":{"name":"(anonymous_12)","line":90,"loc":{"start":{"line":90,"column":11},"end":{"line":90,"column":34}}},"13":{"name":"(anonymous_13)","line":96,"loc":{"start":{"line":96,"column":12},"end":{"line":96,"column":37}}},"14":{"name":"(anonymous_14)","line":97,"loc":{"start":{"line":97,"column":50},"end":{"line":97,"column":70}}}},"statementMap":{"1":{"start":{"line":1,"column":0},"end":{"line":1,"column":27}},"2":{"start":{"line":2,"column":0},"end":{"line":14,"column":7}},"3":{"start":{"line":17,"column":0},"end":{"line":17,"column":66}},"4":{"start":{"line":19,"column":0},"end":{"line":19,"column":45}},"5":{"start":{"line":20,"column":0},"end":{"line":20,"column":37}},"6":{"start":{"line":22,"column":0},"end":{"line":22,"column":37}},"7":{"start":{"line":24,"column":0},"end":{"line":68,"column":7}},"8":{"start":{"line":26,"column":8},"end":{"line":26,"column":55}},"9":{"start":{"line":27,"column":8},"end":{"line":27,"column":71}},"10":{"start":{"line":28,"column":8},"end":{"line":28,"column":15}},"11":{"start":{"line":32,"column":8},"end":{"line":36,"column":11}},"12":{"start":{"line":34,"column":12},"end":{"line":34,"column":31}},"13":{"start":{"line":34,"column":21},"end":{"line":34,"column":31},"skip":true},"14":{"start":{"line":35,"column":12},"end":{"line":35,"column":30}},"15":{"start":{"line":40,"column":8},"end":{"line":60,"column":11}},"16":{"start":{"line":42,"column":12},"end":{"line":59,"column":13}},"17":{"start":{"line":43,"column":16},"end":{"line":43,"column":36},"skip":true},"18":{"start":{"line":45,"column":16},"end":{"line":45,"column":41},"skip":true},"19":{"start":{"line":46,"column":16},"end":{"line":48,"column":19},"skip":true},"20":{"start":{"line":49,"column":16},"end":{"line":49,"column":55},"skip":true},"21":{"start":{"line":52,"column":16},"end":{"line":52,"column":48}},"22":{"start":{"line":53,"column":16},"end":{"line":53,"column":37}},"23":{"start":{"line":55,"column":16},"end":{"line":57,"column":19}},"24":{"start":{"line":58,"column":16},"end":{"line":58,"column":60}},"25":{"start":{"line":63,"column":8},"end":{"line":67,"column":11}},"26":{"start":{"line":65,"column":12},"end":{"line":65,"column":31}},"27":{"start":{"line":65,"column":21},"end":{"line":65,"column":31},"skip":true},"28":{"start":{"line":66,"column":12},"end":{"line":66,"column":27}},"29":{"start":{"line":70,"column":0},"end":{"line":102,"column":7}},"30":{"start":{"line":72,"column":8},"end":{"line":72,"column":55}},"31":{"start":{"line":73,"column":8},"end":{"line":73,"column":71}},"32":{"start":{"line":74,"column":8},"end":{"line":74,"column":15}},"33":{"start":{"line":77,"column":8},"end":{"line":81,"column":11}},"34":{"start":{"line":79,"column":12},"end":{"line":79,"column":31}},"35":{"start":{"line":79,"column":21},"end":{"line":79,"column":31},"skip":true},"36":{"start":{"line":80,"column":12},"end":{"line":80,"column":30}},"37":{"start":{"line":85,"column":8},"end":{"line":85,"column":40}},"38":{"start":{"line":86,"column":8},"end":{"line":94,"column":11}},"39":{"start":{"line":92,"column":12},"end":{"line":92,"column":31}},"40":{"start":{"line":92,"column":21},"end":{"line":92,"column":31},"skip":true},"41":{"start":{"line":93,"column":12},"end":{"line":93,"column":30}},"42":{"start":{"line":97,"column":8},"end":{"line":101,"column":11}},"43":{"start":{"line":99,"column":12},"end":{"line":99,"column":31}},"44":{"start":{"line":99,"column":21},"end":{"line":99,"column":31},"skip":true},"45":{"start":{"line":100,"column":12},"end":{"line":100,"column":27}},"46":{"start":{"line":105,"column":0},"end":{"line":105,"column":31}}},"branchMap":{"1":{"line":17,"type":"binary-expr","locations":[{"start":{"line":17,"column":36},"end":{"line":17,"column":55}},{"start":{"line":17,"column":59},"end":{"line":17,"column":65}}]},"2":{"line":34,"type":"if","locations":[{"start":{"line":34,"column":12},"end":{"line":34,"column":12},"skip":true},{"start":{"line":34,"column":12},"end":{"line":34,"column":12}}]},"3":{"line":42,"type":"if","locations":[{"start":{"line":42,"column":12},"end":{"line":42,"column":12},"skip":true},{"start":{"line":42,"column":12},"end":{"line":42,"column":12}}]},"4":{"line":65,"type":"if","locations":[{"start":{"line":65,"column":12},"end":{"line":65,"column":12},"skip":true},{"start":{"line":65,"column":12},"end":{"line":65,"column":12}}]},"5":{"line":79,"type":"if","locations":[{"start":{"line":79,"column":12},"end":{"line":79,"column":12},"skip":true},{"start":{"line":79,"column":12},"end":{"line":79,"column":12}}]},"6":{"line":92,"type":"if","locations":[{"start":{"line":92,"column":12},"end":{"line":92,"column":12},"skip":true},{"start":{"line":92,"column":12},"end":{"line":92,"column":12}}]},"7":{"line":99,"type":"if","locations":[{"start":{"line":99,"column":12},"end":{"line":99,"column":12},"skip":true},{"start":{"line":99,"column":12},"end":{"line":99,"column":12}}]}},"l":{"1":1,"2":1,"17":1,"19":1,"20":1,"22":1,"24":1,"26":3,"27":3,"28":3,"32":1,"34":1,"35":1,"40":1,"42":1,"43":1,"45":1,"46":1,"49":1,"52":1,"53":1,"55":1,"58":1,"63":1,"65":1,"66":1,"70":1,"72":3,"73":3,"74":3,"77":1,"79":1,"80":1,"85":1,"86":1,"92":1,"93":1,"97":1,"99":1,"100":1,"105":1}},
"/Users/mikehewitson1/src/fswd-server/models/settings.js":{"path":"/Users/mikehewitson1/src/fswd-server/models/settings.js","s":{"1":1,"2":1,"3":1,"4":1,"5":1,"6":1},"b":{},"f":{},"fnMap":{},"statementMap":{"1":{"start":{"line":2,"column":0},"end":{"line":2,"column":35}},"2":{"start":{"line":3,"column":0},"end":{"line":3,"column":29}},"3":{"start":{"line":5,"column":0},"end":{"line":18,"column":3}},"4":{"start":{"line":21,"column":0},"end":{"line":40,"column":3}},"5":{"start":{"line":44,"column":0},"end":{"line":44,"column":57}},"6":{"start":{"line":47,"column":0},"end":{"line":47,"column":26}}},"branchMap":{},"l":{"2":1,"3":1,"5":1,"21":1,"44":1,"47":1}},
"/Users/mikehewitson1/src/fswd-server/routes/energyRouter.js":{"path":"/Users/mikehewitson1/src/fswd-server/routes/energyRouter.js","s":{"1":1,"2":1,"3":1,"4":1,"5":1,"6":1,"7":1,"8":1,"9":1,"10":1,"11":1,"12":1,"13":1,"14":0,"15":1,"16":1,"17":1,"18":1,"19":1,"20":1,"21":1,"22":1,"23":1,"24":0,"25":1,"26":1},"b":{"1":[1,0],"2":[0,1],"3":[0,1]},"f":{"1":1,"2":1,"3":1,"4":1,"5":1,"6":1},"fnMap":{"1":{"name":"(anonymous_1)","line":24,"loc":{"start":{"line":24,"column":9},"end":{"line":24,"column":34}}},"2":{"name":"(anonymous_2)","line":29,"loc":{"start":{"line":29,"column":9},"end":{"line":29,"column":34}}},"3":{"name":"(anonymous_3)","line":54,"loc":{"start":{"line":54,"column":19},"end":{"line":54,"column":41}}},"4":{"name":"(anonymous_4)","line":62,"loc":{"start":{"line":62,"column":9},"end":{"line":62,"column":34}}},"5":{"name":"(anonymous_5)","line":67,"loc":{"start":{"line":67,"column":9},"end":{"line":67,"column":34}}},"6":{"name":"(anonymous_6)","line":98,"loc":{"start":{"line":98,"column":19},"end":{"line":98,"column":41}}}},"statementMap":{"1":{"start":{"line":1,"column":0},"end":{"line":1,"column":27}},"2":{"start":{"line":2,"column":0},"end":{"line":14,"column":7}},"3":{"start":{"line":16,"column":0},"end":{"line":16,"column":66}},"4":{"start":{"line":18,"column":0},"end":{"line":19,"column":39}},"5":{"start":{"line":21,"column":0},"end":{"line":21,"column":39}},"6":{"start":{"line":23,"column":0},"end":{"line":59,"column":7}},"7":{"start":{"line":25,"column":8},"end":{"line":25,"column":55}},"8":{"start":{"line":26,"column":8},"end":{"line":26,"column":71}},"9":{"start":{"line":27,"column":8},"end":{"line":27,"column":15}},"10":{"start":{"line":30,"column":8},"end":{"line":30,"column":28}},"11":{"start":{"line":31,"column":8},"end":{"line":52,"column":12}},"12":{"start":{"line":54,"column":8},"end":{"line":58,"column":11}},"13":{"start":{"line":56,"column":12},"end":{"line":56,"column":31}},"14":{"start":{"line":56,"column":21},"end":{"line":56,"column":31},"skip":true},"15":{"start":{"line":57,"column":12},"end":{"line":57,"column":29}},"16":{"start":{"line":61,"column":0},"end":{"line":103,"column":7}},"17":{"start":{"line":63,"column":8},"end":{"line":63,"column":55}},"18":{"start":{"line":64,"column":8},"end":{"line":64,"column":71}},"19":{"start":{"line":65,"column":8},"end":{"line":65,"column":15}},"20":{"start":{"line":68,"column":8},"end":{"line":68,"column":28}},"21":{"start":{"line":69,"column":8},"end":{"line":96,"column":12}},"22":{"start":{"line":98,"column":8},"end":{"line":102,"column":11}},"23":{"start":{"line":100,"column":12},"end":{"line":100,"column":31}},"24":{"start":{"line":100,"column":21},"end":{"line":100,"column":31},"skip":true},"25":{"start":{"line":101,"column":12},"end":{"line":101,"column":29}},"26":{"start":{"line":105,"column":0},"end":{"line":105,"column":33}}},"branchMap":{"1":{"line":16,"type":"binary-expr","locations":[{"start":{"line":16,"column":36},"end":{"line":16,"column":55}},{"start":{"line":16,"column":59},"end":{"line":16,"column":65}}]},"2":{"line":56,"type":"if","locations":[{"start":{"line":56,"column":12},"end":{"line":56,"column":12},"skip":true},{"start":{"line":56,"column":12},"end":{"line":56,"column":12}}]},"3":{"line":100,"type":"if","locations":[{"start":{"line":100,"column":12},"end":{"line":100,"column":12},"skip":true},{"start":{"line":100,"column":12},"end":{"line":100,"column":12}}]}},"l":{"1":1,"2":1,"16":1,"18":1,"21":1,"23":1,"25":1,"26":1,"27":1,"30":1,"31":1,"54":1,"56":1,"57":1,"61":1,"63":1,"64":1,"65":1,"68":1,"69":1,"98":1,"100":1,"101":1,"105":1}}}
