TN:
SF:/Users/mikehewitson1/src/fswd-server/app.js
FN:35,(anonymous_1)
FN:80,(anonymous_2)
FN:93,(anonymous_3)
FN:105,(anonymous_4)
FNF:4
FNH:4
FNDA:1,(anonymous_1)
FNDA:2,(anonymous_2)
FNDA:2,(anonymous_3)
FNDA:0,(anonymous_4)
DA:1,1
DA:2,1
DA:26,1
DA:28,1
DA:29,1
DA:32,1
DA:34,1
DA:35,1
DA:36,1
DA:39,1
DA:42,1
DA:43,1
DA:45,1
DA:48,1
DA:58,1
DA:59,1
DA:60,1
DA:61,1
DA:63,1
DA:64,1
DA:65,1
DA:66,1
DA:69,1
DA:80,1
DA:81,2
DA:82,2
DA:83,2
DA:92,1
DA:93,1
DA:94,2
DA:95,2
DA:105,1
DA:106,1
DA:107,1
DA:113,1
LF:35
LH:35
BRDA:26,1,0,1
BRDA:26,1,1,0
BRDA:92,2,0,1
BRDA:92,2,1,0
BRDA:94,3,0,2
BRDA:94,3,1,0
BRDA:106,4,0,0
BRDA:106,4,1,0
BRF:8
BRH:8
end_of_record
TN:
SF:/Users/mikehewitson1/src/fswd-server/routes/index.js
FN:6,(anonymous_1)
FNF:1
FNH:1
FNDA:0,(anonymous_1)
DA:1,1
DA:2,1
DA:6,1
DA:7,1
DA:10,1
LF:5
LH:5
BRF:0
BRH:0
end_of_record
TN:
SF:/Users/mikehewitson1/src/fswd-server/routes/users.js
FN:9,(anonymous_1)
FNF:1
FNH:1
FNDA:0,(anonymous_1)
DA:1,1
DA:2,1
DA:9,1
DA:10,1
DA:13,1
LF:5
LH:5
BRF:0
BRH:0
end_of_record
TN:
SF:/Users/mikehewitson1/src/fswd-server/routes/recordingRouter.js
FN:24,(anonymous_1)
FN:29,(anonymous_2)
FN:31,(anonymous_3)
FN:37,(anonymous_4)
FN:38,(anonymous_5)
FN:59,(anonymous_6)
FN:60,(anonymous_7)
FN:68,(anonymous_8)
FN:73,(anonymous_9)
FN:76,(anonymous_10)
FN:85,(anonymous_11)
FN:90,(anonymous_12)
FN:101,(anonymous_13)
FN:110,(anonymous_14)
FN:115,(anonymous_15)
FN:130,(anonymous_16)
FNF:16
FNH:10
FNDA:3,(anonymous_1)
FNDA:1,(anonymous_2)
FNDA:1,(anonymous_3)
FNDA:1,(anonymous_4)
FNDA:1,(anonymous_5)
FNDA:1,(anonymous_6)
FNDA:1,(anonymous_7)
FNDA:1,(anonymous_8)
FNDA:1,(anonymous_9)
FNDA:1,(anonymous_10)
FNDA:0,(anonymous_11)
FNDA:0,(anonymous_12)
FNDA:0,(anonymous_13)
FNDA:0,(anonymous_14)
FNDA:0,(anonymous_15)
FNDA:0,(anonymous_16)
DA:1,1
DA:2,1
DA:16,1
DA:18,1
DA:21,1
DA:23,1
DA:25,3
DA:26,3
DA:27,3
DA:31,1
DA:33,1
DA:34,1
DA:38,1
DA:40,1
DA:41,1
DA:42,1
DA:43,1
DA:46,1
DA:49,1
DA:50,1
DA:52,1
DA:55,1
DA:60,1
DA:62,1
DA:63,1
DA:67,1
DA:69,1
DA:70,1
DA:71,1
DA:75,1
DA:76,1
DA:79,1
DA:80,1
DA:84,1
DA:86,0
DA:87,0
DA:88,0
DA:92,0
DA:93,0
DA:96,0
DA:101,0
DA:104,1
DA:105,0
DA:109,1
DA:111,0
DA:112,0
DA:113,0
DA:118,0
DA:119,0
DA:125,0
DA:130,0
DA:133,1
DA:134,0
DA:138,1
LF:54
LH:38
BRDA:16,1,0,1
BRDA:16,1,1,0
BRDA:33,2,0,0
BRDA:33,2,1,1
BRDA:40,3,0,0
BRDA:40,3,1,1
BRDA:62,4,0,0
BRDA:62,4,1,1
BRDA:79,5,0,0
BRDA:79,5,1,1
BRDA:104,6,0,0
BRDA:104,6,1,0
BRDA:133,7,0,0
BRDA:133,7,1,0
BRF:14
BRH:11
end_of_record
TN:
SF:/Users/mikehewitson1/src/fswd-server/models/recordings.js
FNF:0
FNH:0
DA:2,1
DA:3,1
DA:6,1
DA:44,1
DA:47,1
LF:5
LH:5
BRF:0
BRH:0
end_of_record
TN:
SF:/Users/mikehewitson1/src/fswd-server/routes/settingRouter.js
FN:25,(anonymous_1)
FN:30,(anonymous_2)
FN:32,(anonymous_3)
FN:38,(anonymous_4)
FN:40,(anonymous_5)
FN:62,(anonymous_6)
FN:63,(anonymous_7)
FN:71,(anonymous_8)
FN:76,(anonymous_9)
FN:77,(anonymous_10)
FN:83,(anonymous_11)
FN:90,(anonymous_12)
FN:96,(anonymous_13)
FN:97,(anonymous_14)
FNF:14
FNH:14
FNDA:3,(anonymous_1)
FNDA:1,(anonymous_2)
FNDA:1,(anonymous_3)
FNDA:1,(anonymous_4)
FNDA:1,(anonymous_5)
FNDA:1,(anonymous_6)
FNDA:1,(anonymous_7)
FNDA:3,(anonymous_8)
FNDA:1,(anonymous_9)
FNDA:1,(anonymous_10)
FNDA:1,(anonymous_11)
FNDA:1,(anonymous_12)
FNDA:1,(anonymous_13)
FNDA:1,(anonymous_14)
DA:1,1
DA:2,1
DA:17,1
DA:19,1
DA:20,1
DA:22,1
DA:24,1
DA:26,3
DA:27,3
DA:28,3
DA:32,1
DA:34,1
DA:35,1
DA:40,1
DA:42,1
DA:43,1
DA:45,1
DA:46,1
DA:49,1
DA:52,1
DA:53,1
DA:55,1
DA:58,1
DA:63,1
DA:65,1
DA:66,1
DA:70,1
DA:72,3
DA:73,3
DA:74,3
DA:77,1
DA:79,1
DA:80,1
DA:85,1
DA:86,1
DA:92,1
DA:93,1
DA:97,1
DA:99,1
DA:100,1
DA:105,1
LF:41
LH:41
BRDA:17,1,0,1
BRDA:17,1,1,0
BRDA:34,2,0,0
BRDA:34,2,1,1
BRDA:42,3,0,0
BRDA:42,3,1,1
BRDA:65,4,0,0
BRDA:65,4,1,1
BRDA:79,5,0,0
BRDA:79,5,1,1
BRDA:92,6,0,0
BRDA:92,6,1,1
BRDA:99,7,0,0
BRDA:99,7,1,1
BRF:14
BRH:13
end_of_record
TN:
SF:/Users/mikehewitson1/src/fswd-server/models/settings.js
FNF:0
FNH:0
DA:2,1
DA:3,1
DA:5,1
DA:21,1
DA:44,1
DA:47,1
LF:6
LH:6
BRF:0
BRH:0
end_of_record
TN:
SF:/Users/mikehewitson1/src/fswd-server/routes/energyRouter.js
FN:24,(anonymous_1)
FN:29,(anonymous_2)
FN:54,(anonymous_3)
FN:62,(anonymous_4)
FN:67,(anonymous_5)
FN:98,(anonymous_6)
FNF:6
FNH:6
FNDA:1,(anonymous_1)
FNDA:1,(anonymous_2)
FNDA:1,(anonymous_3)
FNDA:1,(anonymous_4)
FNDA:1,(anonymous_5)
FNDA:1,(anonymous_6)
DA:1,1
DA:2,1
DA:16,1
DA:18,1
DA:21,1
DA:23,1
DA:25,1
DA:26,1
DA:27,1
DA:30,1
DA:31,1
DA:54,1
DA:56,1
DA:57,1
DA:61,1
DA:63,1
DA:64,1
DA:65,1
DA:68,1
DA:69,1
DA:98,1
DA:100,1
DA:101,1
DA:105,1
LF:24
LH:24
BRDA:16,1,0,1
BRDA:16,1,1,0
BRDA:56,2,0,0
BRDA:56,2,1,1
BRDA:100,3,0,0
BRDA:100,3,1,1
BRF:6
BRH:5
end_of_record
